<?xml version="1.0" encoding="UTF-8"?>
<!-- Generated by org.testng.reporters.JUnitReportReporter -->
<testsuite hostname="DESKTOP-O365DJT" failures="0" tests="2" name="TestCases.TC01_Add_Skills" time="14.589" errors="0" timestamp="23 Dec 2019 03:13:09 GMT" skipped="0">
  <testcase classname="TestCases.TC01_Add_Skills" name="Skills_call_allmethods" time="11.895"/>
  <testcase classname="TestCases.TC01_Add_Skills" name="Skills_call_allmethods" time="2.694"/>
</testsuite> <!-- TestCases.TC01_Add_Skills -->
